2025-06-30 14:05:22,864 - INFO - Using device: cuda
2025-06-30 14:05:22,934 - INFO - Loading pretrained weights from Hugging Face hub (timm/efficientnet_b3.ra2_in1k)
2025-06-30 14:05:23,792 - INFO - [timm/efficientnet_b3.ra2_in1k] Safe alternative available for 'pytorch_model.bin' (as 'model.safetensors'). Loading weights using safetensors.
2025-06-30 14:05:23,833 - WARNING - Unexpected keys (bn2.bias, bn2.num_batches_tracked, bn2.running_mean, bn2.running_var, bn2.weight, classifier.bias, classifier.weight, conv_head.weight) found while loading pretrained weights. This may be expected if model is being adapted.
2025-06-30 14:05:24,107 - INFO - Model created with 22010236 parameters
2025-06-30 14:05:24,107 - INFO - Starting sequential training on all datasets
2025-06-30 14:05:24,107 - INFO - Training on classification dataset: brain_mri_nd5
2025-06-30 14:05:24,107 - INFO - Training classification task on brain_mri_nd5 dataset
2025-06-30 14:07:24,406 - INFO - Epoch 1/30
2025-06-30 14:07:24,407 - INFO - Train Loss: 0.0975, Val Loss: 0.0535
2025-06-30 14:07:24,407 - INFO - Train Accuracy: 0.7112, Val Accuracy: 0.8336
2025-06-30 14:07:24,517 - INFO - Checkpoint saved: ./models/best_classification_brain_mri_nd5.pth
2025-06-30 14:09:34,060 - INFO - Epoch 2/30
2025-06-30 14:09:34,060 - INFO - Train Loss: 0.0593, Val Loss: 0.0256
2025-06-30 14:09:34,060 - INFO - Train Accuracy: 0.8296, Val Accuracy: 0.9297
2025-06-30 14:09:34,176 - INFO - Checkpoint saved: ./models/best_classification_brain_mri_nd5.pth
2025-06-30 14:09:34,274 - INFO - Checkpoint saved: ./models/checkpoint_classification_brain_mri_nd5_epoch_2.pth
2025-06-30 14:11:42,065 - INFO - Epoch 3/30
2025-06-30 14:11:42,065 - INFO - Train Loss: 0.0472, Val Loss: 0.0282
2025-06-30 14:11:42,065 - INFO - Train Accuracy: 0.8706, Val Accuracy: 0.9140
2025-06-30 14:13:55,243 - INFO - Epoch 4/30
2025-06-30 14:13:55,244 - INFO - Train Loss: 0.0416, Val Loss: 0.0195
2025-06-30 14:13:55,244 - INFO - Train Accuracy: 0.8902, Val Accuracy: 0.9466
2025-06-30 14:13:55,359 - INFO - Checkpoint saved: ./models/best_classification_brain_mri_nd5.pth
2025-06-30 14:13:55,464 - INFO - Checkpoint saved: ./models/checkpoint_classification_brain_mri_nd5_epoch_4.pth
2025-06-30 14:16:06,712 - INFO - Epoch 5/30
2025-06-30 14:16:06,712 - INFO - Train Loss: 0.0356, Val Loss: 0.0177
2025-06-30 14:16:06,712 - INFO - Train Accuracy: 0.9107, Val Accuracy: 0.9564
2025-06-30 14:16:06,834 - INFO - Checkpoint saved: ./models/best_classification_brain_mri_nd5.pth
2025-06-30 14:18:17,997 - INFO - Epoch 6/30
2025-06-30 14:18:17,997 - INFO - Train Loss: 0.0318, Val Loss: 0.0125
2025-06-30 14:18:17,997 - INFO - Train Accuracy: 0.9201, Val Accuracy: 0.9702
2025-06-30 14:18:18,112 - INFO - Checkpoint saved: ./models/best_classification_brain_mri_nd5.pth
2025-06-30 14:18:18,228 - INFO - Checkpoint saved: ./models/checkpoint_classification_brain_mri_nd5_epoch_6.pth
2025-06-30 14:20:20,785 - INFO - Epoch 7/30
2025-06-30 14:20:20,785 - INFO - Train Loss: 0.0285, Val Loss: 0.0170
2025-06-30 14:20:20,785 - INFO - Train Accuracy: 0.9268, Val Accuracy: 0.9590
2025-06-30 14:24:06,950 - INFO - Epoch 8/30
2025-06-30 14:24:06,950 - INFO - Train Loss: 0.0253, Val Loss: 0.0114
2025-06-30 14:24:06,950 - INFO - Train Accuracy: 0.9354, Val Accuracy: 0.9699
2025-06-30 14:24:07,073 - INFO - Checkpoint saved: ./models/best_classification_brain_mri_nd5.pth
2025-06-30 14:24:07,197 - INFO - Checkpoint saved: ./models/checkpoint_classification_brain_mri_nd5_epoch_8.pth
2025-06-30 14:26:14,604 - INFO - Epoch 9/30
2025-06-30 14:26:14,604 - INFO - Train Loss: 0.0249, Val Loss: 0.0097
2025-06-30 14:26:14,604 - INFO - Train Accuracy: 0.9384, Val Accuracy: 0.9736
2025-06-30 14:26:14,729 - INFO - Checkpoint saved: ./models/best_classification_brain_mri_nd5.pth
2025-06-30 14:28:18,186 - INFO - Epoch 10/30
2025-06-30 14:28:18,187 - INFO - Train Loss: 0.0218, Val Loss: 0.0100
2025-06-30 14:28:18,187 - INFO - Train Accuracy: 0.9464, Val Accuracy: 0.9730
2025-06-30 14:28:18,303 - INFO - Checkpoint saved: ./models/checkpoint_classification_brain_mri_nd5_epoch_10.pth
2025-06-30 14:30:25,239 - INFO - Epoch 11/30
2025-06-30 14:30:25,240 - INFO - Train Loss: 0.0206, Val Loss: 0.0144
2025-06-30 14:30:25,240 - INFO - Train Accuracy: 0.9468, Val Accuracy: 0.9753
2025-06-30 14:32:30,568 - INFO - Epoch 12/30
2025-06-30 14:32:30,568 - INFO - Train Loss: 0.0202, Val Loss: 0.0070
2025-06-30 14:32:30,568 - INFO - Train Accuracy: 0.9490, Val Accuracy: 0.9817
2025-06-30 14:32:30,693 - INFO - Checkpoint saved: ./models/best_classification_brain_mri_nd5.pth
2025-06-30 14:32:30,805 - INFO - Checkpoint saved: ./models/checkpoint_classification_brain_mri_nd5_epoch_12.pth
2025-06-30 14:34:35,967 - INFO - Epoch 13/30
2025-06-30 14:34:35,967 - INFO - Train Loss: 0.0181, Val Loss: 0.0138
2025-06-30 14:34:35,967 - INFO - Train Accuracy: 0.9546, Val Accuracy: 0.9806
2025-06-30 14:36:40,614 - INFO - Epoch 14/30
2025-06-30 14:36:40,614 - INFO - Train Loss: 0.0176, Val Loss: 0.1072
2025-06-30 14:36:40,614 - INFO - Train Accuracy: 0.9553, Val Accuracy: 0.9755
2025-06-30 14:36:40,731 - INFO - Checkpoint saved: ./models/checkpoint_classification_brain_mri_nd5_epoch_14.pth
2025-06-30 14:38:49,709 - INFO - Epoch 15/30
2025-06-30 14:38:49,709 - INFO - Train Loss: 0.0169, Val Loss: 0.0138
2025-06-30 14:38:49,709 - INFO - Train Accuracy: 0.9571, Val Accuracy: 0.9814
2025-06-30 14:38:49,709 - INFO - Early stopping triggered at epoch 15
2025-06-30 14:38:50,599 - INFO - Training history saved to CSV: ./results/classification_brain_mri_nd5_training_history.csv
2025-06-30 14:38:50,607 - INFO - Training on classification dataset: hf_brain_tumor
2025-06-30 14:38:50,607 - INFO - Training classification task on hf_brain_tumor dataset
2025-06-30 14:39:43,057 - INFO - Epoch 1/30
2025-06-30 14:39:43,057 - INFO - Train Loss: 0.0171, Val Loss: 0.0427
2025-06-30 14:39:43,057 - INFO - Train Accuracy: 0.9605, Val Accuracy: 0.9566
2025-06-30 14:39:43,175 - INFO - Checkpoint saved: ./models/best_classification_hf_brain_tumor.pth
2025-06-30 14:40:36,166 - INFO - Epoch 2/30
2025-06-30 14:40:36,166 - INFO - Train Loss: 0.0123, Val Loss: 0.0053
2025-06-30 14:40:36,167 - INFO - Train Accuracy: 0.9708, Val Accuracy: 0.9865
2025-06-30 14:40:36,293 - INFO - Checkpoint saved: ./models/best_classification_hf_brain_tumor.pth
2025-06-30 14:40:36,405 - INFO - Checkpoint saved: ./models/checkpoint_classification_hf_brain_tumor_epoch_2.pth
2025-06-30 14:41:25,491 - INFO - Epoch 3/30
2025-06-30 14:41:25,492 - INFO - Train Loss: 0.0107, Val Loss: 0.1868
2025-06-30 14:41:25,492 - INFO - Train Accuracy: 0.9726, Val Accuracy: 0.9758
2025-06-30 14:42:14,071 - INFO - Epoch 4/30
2025-06-30 14:42:14,071 - INFO - Train Loss: 0.0109, Val Loss: 0.0171
2025-06-30 14:42:14,071 - INFO - Train Accuracy: 0.9767, Val Accuracy: 0.9843
2025-06-30 14:42:14,192 - INFO - Checkpoint saved: ./models/checkpoint_classification_hf_brain_tumor_epoch_4.pth
2025-06-30 14:43:01,743 - INFO - Epoch 5/30
2025-06-30 14:43:01,743 - INFO - Train Loss: 0.0102, Val Loss: 0.0268
2025-06-30 14:43:01,743 - INFO - Train Accuracy: 0.9753, Val Accuracy: 0.9808
2025-06-30 14:43:01,743 - INFO - Early stopping triggered at epoch 5
2025-06-30 14:43:02,371 - INFO - Training history saved to CSV: ./results/classification_hf_brain_tumor_training_history.csv
2025-06-30 14:43:02,374 - INFO - Training on classification dataset: pancreas
2025-06-30 14:43:02,375 - INFO - Training classification task on pancreas dataset
2025-06-30 14:43:09,075 - INFO - Epoch 1/30
2025-06-30 14:43:09,076 - INFO - Train Loss: 0.0567, Val Loss: 0.0191
2025-06-30 14:43:09,076 - INFO - Train Accuracy: 0.7997, Val Accuracy: 0.9375
2025-06-30 14:43:09,184 - INFO - Checkpoint saved: ./models/best_classification_pancreas.pth
2025-06-30 14:43:15,514 - INFO - Epoch 2/30
2025-06-30 14:43:15,515 - INFO - Train Loss: 0.0277, Val Loss: 0.0168
2025-06-30 14:43:15,515 - INFO - Train Accuracy: 0.9048, Val Accuracy: 0.9659
2025-06-30 14:43:15,627 - INFO - Checkpoint saved: ./models/best_classification_pancreas.pth
2025-06-30 14:43:15,728 - INFO - Checkpoint saved: ./models/checkpoint_classification_pancreas_epoch_2.pth
2025-06-30 14:43:21,646 - INFO - Epoch 3/30
2025-06-30 14:43:21,647 - INFO - Train Loss: 0.0191, Val Loss: 0.0159
2025-06-30 14:43:21,647 - INFO - Train Accuracy: 0.9432, Val Accuracy: 0.9489
2025-06-30 14:43:21,759 - INFO - Checkpoint saved: ./models/best_classification_pancreas.pth
2025-06-30 14:43:28,384 - INFO - Epoch 4/30
2025-06-30 14:43:28,384 - INFO - Train Loss: 0.0110, Val Loss: 0.0036
2025-06-30 14:43:28,385 - INFO - Train Accuracy: 0.9744, Val Accuracy: 0.9886
2025-06-30 14:43:28,495 - INFO - Checkpoint saved: ./models/best_classification_pancreas.pth
2025-06-30 14:43:28,598 - INFO - Checkpoint saved: ./models/checkpoint_classification_pancreas_epoch_4.pth
2025-06-30 14:43:35,294 - INFO - Epoch 5/30
2025-06-30 14:43:35,294 - INFO - Train Loss: 0.0080, Val Loss: 0.0022
2025-06-30 14:43:35,294 - INFO - Train Accuracy: 0.9801, Val Accuracy: 0.9943
2025-06-30 14:43:35,411 - INFO - Checkpoint saved: ./models/best_classification_pancreas.pth
2025-06-30 14:43:41,536 - INFO - Epoch 6/30
2025-06-30 14:43:41,536 - INFO - Train Loss: 0.0133, Val Loss: 0.0085
2025-06-30 14:43:41,536 - INFO - Train Accuracy: 0.9673, Val Accuracy: 0.9886
2025-06-30 14:43:41,645 - INFO - Checkpoint saved: ./models/checkpoint_classification_pancreas_epoch_6.pth
2025-06-30 14:43:47,298 - INFO - Epoch 7/30
2025-06-30 14:43:47,298 - INFO - Train Loss: 0.0053, Val Loss: 0.0004
2025-06-30 14:43:47,298 - INFO - Train Accuracy: 0.9872, Val Accuracy: 1.0000
2025-06-30 14:43:47,421 - INFO - Checkpoint saved: ./models/best_classification_pancreas.pth
2025-06-30 14:43:53,901 - INFO - Epoch 8/30
2025-06-30 14:43:53,901 - INFO - Train Loss: 0.0077, Val Loss: 0.0073
2025-06-30 14:43:53,901 - INFO - Train Accuracy: 0.9801, Val Accuracy: 0.9773
2025-06-30 14:43:54,011 - INFO - Checkpoint saved: ./models/checkpoint_classification_pancreas_epoch_8.pth
2025-06-30 14:44:00,360 - INFO - Epoch 9/30
2025-06-30 14:44:00,360 - INFO - Train Loss: 0.0045, Val Loss: 0.0019
2025-06-30 14:44:00,360 - INFO - Train Accuracy: 0.9901, Val Accuracy: 0.9943
2025-06-30 14:44:05,981 - INFO - Epoch 10/30
2025-06-30 14:44:05,981 - INFO - Train Loss: 0.0051, Val Loss: 0.0018
2025-06-30 14:44:05,981 - INFO - Train Accuracy: 0.9901, Val Accuracy: 0.9943
2025-06-30 14:44:05,981 - INFO - Early stopping triggered at epoch 10
2025-06-30 14:44:06,476 - INFO - Training history saved to CSV: ./results/classification_pancreas_training_history.csv
2025-06-30 14:44:06,477 - INFO - Training on segmentation dataset: btcv
2025-06-30 14:44:06,477 - INFO - Training segmentation task on btcv dataset
2025-06-30 14:44:06,976 - INFO - Epoch 1/30
2025-06-30 14:44:06,976 - INFO - Train Loss: 0.1185, Val Loss: 0.1746
2025-06-30 14:44:06,976 - INFO - Train Dice: 0.1739, Val Dice: 0.2816
2025-06-30 14:44:06,976 - INFO - Train IoU: 0.1031, Val IoU: 0.1901
2025-06-30 14:44:07,088 - INFO - Checkpoint saved: ./models/best_segmentation_btcv.pth
2025-06-30 14:44:07,399 - INFO - Epoch 2/30
2025-06-30 14:44:07,399 - INFO - Train Loss: 0.1155, Val Loss: 0.1756
2025-06-30 14:44:07,399 - INFO - Train Dice: 0.1887, Val Dice: 0.2597
2025-06-30 14:44:07,399 - INFO - Train IoU: 0.1133, Val IoU: 0.1697
2025-06-30 14:44:07,547 - INFO - Checkpoint saved: ./models/checkpoint_segmentation_btcv_epoch_2.pth
2025-06-30 14:44:07,847 - INFO - Epoch 3/30
2025-06-30 14:44:07,847 - INFO - Train Loss: 0.1127, Val Loss: 0.1735
2025-06-30 14:44:07,847 - INFO - Train Dice: 0.2239, Val Dice: 0.2789
2025-06-30 14:44:07,847 - INFO - Train IoU: 0.1404, Val IoU: 0.1865
2025-06-30 14:44:07,980 - INFO - Checkpoint saved: ./models/best_segmentation_btcv.pth
2025-06-30 14:44:08,284 - INFO - Epoch 4/30
2025-06-30 14:44:08,284 - INFO - Train Loss: 0.1098, Val Loss: 0.1699
2025-06-30 14:44:08,284 - INFO - Train Dice: 0.2665, Val Dice: 0.3110
2025-06-30 14:44:08,284 - INFO - Train IoU: 0.1759, Val IoU: 0.2169
2025-06-30 14:44:08,406 - INFO - Checkpoint saved: ./models/best_segmentation_btcv.pth
2025-06-30 14:44:08,508 - INFO - Checkpoint saved: ./models/checkpoint_segmentation_btcv_epoch_4.pth
2025-06-30 14:44:08,844 - INFO - Epoch 5/30
2025-06-30 14:44:08,844 - INFO - Train Loss: 0.1068, Val Loss: 0.1649
2025-06-30 14:44:08,844 - INFO - Train Dice: 0.3228, Val Dice: 0.3448
2025-06-30 14:44:08,844 - INFO - Train IoU: 0.2285, Val IoU: 0.2527
2025-06-30 14:44:08,953 - INFO - Checkpoint saved: ./models/best_segmentation_btcv.pth
2025-06-30 14:44:09,251 - INFO - Epoch 6/30
2025-06-30 14:44:09,252 - INFO - Train Loss: 0.1046, Val Loss: 0.1594
2025-06-30 14:44:09,252 - INFO - Train Dice: 0.3429, Val Dice: 0.3908
2025-06-30 14:44:09,252 - INFO - Train IoU: 0.2498, Val IoU: 0.3081
2025-06-30 14:44:09,397 - INFO - Checkpoint saved: ./models/best_segmentation_btcv.pth
2025-06-30 14:44:09,557 - INFO - Checkpoint saved: ./models/checkpoint_segmentation_btcv_epoch_6.pth
2025-06-30 14:44:09,894 - INFO - Epoch 7/30
2025-06-30 14:44:09,895 - INFO - Train Loss: 0.1022, Val Loss: 0.1556
2025-06-30 14:44:09,895 - INFO - Train Dice: 0.3786, Val Dice: 0.4182
2025-06-30 14:44:09,895 - INFO - Train IoU: 0.2902, Val IoU: 0.3457
2025-06-30 14:44:10,045 - INFO - Checkpoint saved: ./models/best_segmentation_btcv.pth
2025-06-30 14:44:10,305 - INFO - Epoch 8/30
2025-06-30 14:44:10,305 - INFO - Train Loss: 0.1000, Val Loss: 0.1516
2025-06-30 14:44:10,305 - INFO - Train Dice: 0.4009, Val Dice: 0.4404
2025-06-30 14:44:10,305 - INFO - Train IoU: 0.3159, Val IoU: 0.3760
2025-06-30 14:44:10,434 - INFO - Checkpoint saved: ./models/best_segmentation_btcv.pth
2025-06-30 14:44:10,562 - INFO - Checkpoint saved: ./models/checkpoint_segmentation_btcv_epoch_8.pth
2025-06-30 14:44:10,868 - INFO - Epoch 9/30
2025-06-30 14:44:10,868 - INFO - Train Loss: 0.0980, Val Loss: 0.1478
2025-06-30 14:44:10,868 - INFO - Train Dice: 0.4256, Val Dice: 0.4586
2025-06-30 14:44:10,868 - INFO - Train IoU: 0.3496, Val IoU: 0.3988
2025-06-30 14:44:11,004 - INFO - Checkpoint saved: ./models/best_segmentation_btcv.pth
2025-06-30 14:44:11,295 - INFO - Epoch 10/30
2025-06-30 14:44:11,295 - INFO - Train Loss: 0.0967, Val Loss: 0.1452
2025-06-30 14:44:11,295 - INFO - Train Dice: 0.4406, Val Dice: 0.4673
2025-06-30 14:44:11,295 - INFO - Train IoU: 0.3704, Val IoU: 0.4097
2025-06-30 14:44:11,409 - INFO - Checkpoint saved: ./models/best_segmentation_btcv.pth
2025-06-30 14:44:11,521 - INFO - Checkpoint saved: ./models/checkpoint_segmentation_btcv_epoch_10.pth
2025-06-30 14:44:11,860 - INFO - Epoch 11/30
2025-06-30 14:44:11,860 - INFO - Train Loss: 0.0946, Val Loss: 0.1395
2025-06-30 14:44:11,860 - INFO - Train Dice: 0.4559, Val Dice: 0.4752
2025-06-30 14:44:11,860 - INFO - Train IoU: 0.3875, Val IoU: 0.4252
2025-06-30 14:44:11,998 - INFO - Checkpoint saved: ./models/best_segmentation_btcv.pth
2025-06-30 14:44:12,248 - INFO - Epoch 12/30
2025-06-30 14:44:12,248 - INFO - Train Loss: 0.0934, Val Loss: 0.1359
2025-06-30 14:44:12,248 - INFO - Train Dice: 0.4615, Val Dice: 0.4809
2025-06-30 14:44:12,248 - INFO - Train IoU: 0.3970, Val IoU: 0.4375
2025-06-30 14:44:12,360 - INFO - Checkpoint saved: ./models/best_segmentation_btcv.pth
2025-06-30 14:44:12,472 - INFO - Checkpoint saved: ./models/checkpoint_segmentation_btcv_epoch_12.pth
2025-06-30 14:44:12,788 - INFO - Epoch 13/30
2025-06-30 14:44:12,789 - INFO - Train Loss: 0.0911, Val Loss: 0.1341
2025-06-30 14:44:12,789 - INFO - Train Dice: 0.4793, Val Dice: 0.4923
2025-06-30 14:44:12,789 - INFO - Train IoU: 0.4241, Val IoU: 0.4523
2025-06-30 14:44:12,907 - INFO - Checkpoint saved: ./models/best_segmentation_btcv.pth
2025-06-30 14:44:13,174 - INFO - Epoch 14/30
2025-06-30 14:44:13,175 - INFO - Train Loss: 0.0898, Val Loss: 0.1317
2025-06-30 14:44:13,175 - INFO - Train Dice: 0.4778, Val Dice: 0.5018
2025-06-30 14:44:13,175 - INFO - Train IoU: 0.4227, Val IoU: 0.4647
2025-06-30 14:44:13,295 - INFO - Checkpoint saved: ./models/best_segmentation_btcv.pth
2025-06-30 14:44:13,433 - INFO - Checkpoint saved: ./models/checkpoint_segmentation_btcv_epoch_14.pth
2025-06-30 14:44:13,688 - INFO - Epoch 15/30
2025-06-30 14:44:13,688 - INFO - Train Loss: 0.0880, Val Loss: 0.1314
2025-06-30 14:44:13,688 - INFO - Train Dice: 0.5007, Val Dice: 0.5189
2025-06-30 14:44:13,688 - INFO - Train IoU: 0.4495, Val IoU: 0.4764
2025-06-30 14:44:13,813 - INFO - Checkpoint saved: ./models/best_segmentation_btcv.pth
2025-06-30 14:44:14,066 - INFO - Epoch 16/30
2025-06-30 14:44:14,066 - INFO - Train Loss: 0.0871, Val Loss: 0.1324
2025-06-30 14:44:14,066 - INFO - Train Dice: 0.5013, Val Dice: 0.5382
2025-06-30 14:44:14,066 - INFO - Train IoU: 0.4536, Val IoU: 0.4901
2025-06-30 14:44:14,194 - INFO - Checkpoint saved: ./models/checkpoint_segmentation_btcv_epoch_16.pth
2025-06-30 14:44:14,458 - INFO - Epoch 17/30
2025-06-30 14:44:14,458 - INFO - Train Loss: 0.0853, Val Loss: 0.1334
2025-06-30 14:44:14,458 - INFO - Train Dice: 0.5190, Val Dice: 0.5501
2025-06-30 14:44:14,458 - INFO - Train IoU: 0.4689, Val IoU: 0.4985
2025-06-30 14:44:14,724 - INFO - Epoch 18/30
2025-06-30 14:44:14,724 - INFO - Train Loss: 0.0839, Val Loss: 0.1322
2025-06-30 14:44:14,724 - INFO - Train Dice: 0.5314, Val Dice: 0.5593
2025-06-30 14:44:14,724 - INFO - Train IoU: 0.4827, Val IoU: 0.5085
2025-06-30 14:44:14,724 - INFO - Early stopping triggered at epoch 18
2025-06-30 14:44:15,242 - INFO - Training history saved to CSV: ./results/segmentation_btcv_training_history.csv
2025-06-30 14:44:15,243 - INFO - Training on segmentation dataset: cvc_clinicdb
2025-06-30 14:44:15,244 - INFO - Training segmentation task on cvc_clinicdb dataset
2025-06-30 14:44:29,996 - INFO - Epoch 1/30
2025-06-30 14:44:29,996 - INFO - Train Loss: 0.0725, Val Loss: 0.0631
2025-06-30 14:44:29,996 - INFO - Train Dice: 0.5662, Val Dice: 0.6974
2025-06-30 14:44:29,996 - INFO - Train IoU: 0.4381, Val IoU: 0.5847
2025-06-30 14:44:30,112 - INFO - Checkpoint saved: ./models/best_segmentation_cvc_clinicdb.pth
2025-06-30 14:44:40,812 - INFO - Epoch 2/30
2025-06-30 14:44:40,812 - INFO - Train Loss: 0.0506, Val Loss: 0.0454
2025-06-30 14:44:40,812 - INFO - Train Dice: 0.7336, Val Dice: 0.7673
2025-06-30 14:44:40,812 - INFO - Train IoU: 0.6285, Val IoU: 0.6616
2025-06-30 14:44:40,931 - INFO - Checkpoint saved: ./models/best_segmentation_cvc_clinicdb.pth
2025-06-30 14:44:41,042 - INFO - Checkpoint saved: ./models/checkpoint_segmentation_cvc_clinicdb_epoch_2.pth
2025-06-30 14:44:52,901 - INFO - Epoch 3/30
2025-06-30 14:44:52,901 - INFO - Train Loss: 0.0410, Val Loss: 0.0399
2025-06-30 14:44:52,901 - INFO - Train Dice: 0.7597, Val Dice: 0.7806
2025-06-30 14:44:52,901 - INFO - Train IoU: 0.6558, Val IoU: 0.6768
2025-06-30 14:44:53,027 - INFO - Checkpoint saved: ./models/best_segmentation_cvc_clinicdb.pth
2025-06-30 14:45:03,440 - INFO - Epoch 4/30
2025-06-30 14:45:03,440 - INFO - Train Loss: 0.0360, Val Loss: 0.0334
2025-06-30 14:45:03,440 - INFO - Train Dice: 0.7718, Val Dice: 0.8055
2025-06-30 14:45:03,440 - INFO - Train IoU: 0.6684, Val IoU: 0.7037
2025-06-30 14:45:03,568 - INFO - Checkpoint saved: ./models/best_segmentation_cvc_clinicdb.pth
2025-06-30 14:45:03,676 - INFO - Checkpoint saved: ./models/checkpoint_segmentation_cvc_clinicdb_epoch_4.pth
2025-06-30 14:45:14,118 - INFO - Epoch 5/30
2025-06-30 14:45:14,118 - INFO - Train Loss: 0.0315, Val Loss: 0.0292
2025-06-30 14:45:14,118 - INFO - Train Dice: 0.7961, Val Dice: 0.8284
2025-06-30 14:45:14,118 - INFO - Train IoU: 0.6946, Val IoU: 0.7332
2025-06-30 14:45:14,241 - INFO - Checkpoint saved: ./models/best_segmentation_cvc_clinicdb.pth
2025-06-30 14:45:24,697 - INFO - Epoch 6/30
2025-06-30 14:45:24,697 - INFO - Train Loss: 0.0287, Val Loss: 0.0261
2025-06-30 14:45:24,697 - INFO - Train Dice: 0.8102, Val Dice: 0.8376
2025-06-30 14:45:24,697 - INFO - Train IoU: 0.7110, Val IoU: 0.7441
2025-06-30 14:45:24,825 - INFO - Checkpoint saved: ./models/best_segmentation_cvc_clinicdb.pth
2025-06-30 14:45:24,927 - INFO - Checkpoint saved: ./models/checkpoint_segmentation_cvc_clinicdb_epoch_6.pth
2025-06-30 14:45:36,243 - INFO - Epoch 7/30
2025-06-30 14:45:36,243 - INFO - Train Loss: 0.0273, Val Loss: 0.0238
2025-06-30 14:45:36,243 - INFO - Train Dice: 0.8113, Val Dice: 0.8560
2025-06-30 14:45:36,243 - INFO - Train IoU: 0.7120, Val IoU: 0.7672
2025-06-30 14:45:36,365 - INFO - Checkpoint saved: ./models/best_segmentation_cvc_clinicdb.pth
2025-06-30 14:45:46,866 - INFO - Epoch 8/30
2025-06-30 14:45:46,866 - INFO - Train Loss: 0.0257, Val Loss: 0.0236
2025-06-30 14:45:46,866 - INFO - Train Dice: 0.8296, Val Dice: 0.8564
2025-06-30 14:45:46,866 - INFO - Train IoU: 0.7342, Val IoU: 0.7673
2025-06-30 14:45:46,989 - INFO - Checkpoint saved: ./models/best_segmentation_cvc_clinicdb.pth
2025-06-30 14:45:47,100 - INFO - Checkpoint saved: ./models/checkpoint_segmentation_cvc_clinicdb_epoch_8.pth
2025-06-30 14:45:57,642 - INFO - Epoch 9/30
2025-06-30 14:45:57,642 - INFO - Train Loss: 0.0244, Val Loss: 0.0219
2025-06-30 14:45:57,642 - INFO - Train Dice: 0.8376, Val Dice: 0.8648
2025-06-30 14:45:57,642 - INFO - Train IoU: 0.7439, Val IoU: 0.7788
2025-06-30 14:45:57,767 - INFO - Checkpoint saved: ./models/best_segmentation_cvc_clinicdb.pth
2025-06-30 14:46:08,976 - INFO - Epoch 10/30
2025-06-30 14:46:08,977 - INFO - Train Loss: 0.0236, Val Loss: 0.0218
2025-06-30 14:46:08,977 - INFO - Train Dice: 0.8440, Val Dice: 0.8636
2025-06-30 14:46:08,977 - INFO - Train IoU: 0.7520, Val IoU: 0.7773
2025-06-30 14:46:09,108 - INFO - Checkpoint saved: ./models/best_segmentation_cvc_clinicdb.pth
2025-06-30 14:46:09,218 - INFO - Checkpoint saved: ./models/checkpoint_segmentation_cvc_clinicdb_epoch_10.pth
2025-06-30 14:46:20,009 - INFO - Epoch 11/30
2025-06-30 14:46:20,009 - INFO - Train Loss: 0.0227, Val Loss: 0.0211
2025-06-30 14:46:20,009 - INFO - Train Dice: 0.8477, Val Dice: 0.8690
2025-06-30 14:46:20,009 - INFO - Train IoU: 0.7567, Val IoU: 0.7843
2025-06-30 14:46:20,133 - INFO - Checkpoint saved: ./models/best_segmentation_cvc_clinicdb.pth
2025-06-30 14:46:30,827 - INFO - Epoch 12/30
2025-06-30 14:46:30,827 - INFO - Train Loss: 0.0221, Val Loss: 0.0201
2025-06-30 14:46:30,828 - INFO - Train Dice: 0.8492, Val Dice: 0.8715
2025-06-30 14:46:30,828 - INFO - Train IoU: 0.7587, Val IoU: 0.7876
2025-06-30 14:46:30,957 - INFO - Checkpoint saved: ./models/best_segmentation_cvc_clinicdb.pth
2025-06-30 14:46:31,081 - INFO - Checkpoint saved: ./models/checkpoint_segmentation_cvc_clinicdb_epoch_12.pth
2025-06-30 14:46:41,806 - INFO - Epoch 13/30
2025-06-30 14:46:41,806 - INFO - Train Loss: 0.0214, Val Loss: 0.0197
2025-06-30 14:46:41,806 - INFO - Train Dice: 0.8561, Val Dice: 0.8754
2025-06-30 14:46:41,806 - INFO - Train IoU: 0.7676, Val IoU: 0.7928
2025-06-30 14:46:41,925 - INFO - Checkpoint saved: ./models/best_segmentation_cvc_clinicdb.pth
2025-06-30 14:46:52,404 - INFO - Epoch 14/30
2025-06-30 14:46:52,405 - INFO - Train Loss: 0.0212, Val Loss: 0.0185
2025-06-30 14:46:52,405 - INFO - Train Dice: 0.8587, Val Dice: 0.8845
2025-06-30 14:46:52,405 - INFO - Train IoU: 0.7709, Val IoU: 0.8062
2025-06-30 14:46:52,523 - INFO - Checkpoint saved: ./models/best_segmentation_cvc_clinicdb.pth
2025-06-30 14:46:52,629 - INFO - Checkpoint saved: ./models/checkpoint_segmentation_cvc_clinicdb_epoch_14.pth
2025-06-30 14:47:03,309 - INFO - Epoch 15/30
2025-06-30 14:47:03,310 - INFO - Train Loss: 0.0207, Val Loss: 0.0188
2025-06-30 14:47:03,310 - INFO - Train Dice: 0.8591, Val Dice: 0.8768
2025-06-30 14:47:03,310 - INFO - Train IoU: 0.7716, Val IoU: 0.7948
2025-06-30 14:47:13,974 - INFO - Epoch 16/30
2025-06-30 14:47:13,974 - INFO - Train Loss: 0.0207, Val Loss: 0.0184
2025-06-30 14:47:13,974 - INFO - Train Dice: 0.8628, Val Dice: 0.8822
2025-06-30 14:47:13,975 - INFO - Train IoU: 0.7763, Val IoU: 0.8024
2025-06-30 14:47:14,096 - INFO - Checkpoint saved: ./models/best_segmentation_cvc_clinicdb.pth
2025-06-30 14:47:14,204 - INFO - Checkpoint saved: ./models/checkpoint_segmentation_cvc_clinicdb_epoch_16.pth
2025-06-30 14:47:24,588 - INFO - Epoch 17/30
2025-06-30 14:47:24,588 - INFO - Train Loss: 0.0206, Val Loss: 0.0177
2025-06-30 14:47:24,588 - INFO - Train Dice: 0.8712, Val Dice: 0.8900
2025-06-30 14:47:24,588 - INFO - Train IoU: 0.7877, Val IoU: 0.8138
2025-06-30 14:47:24,709 - INFO - Checkpoint saved: ./models/best_segmentation_cvc_clinicdb.pth
2025-06-30 14:47:35,778 - INFO - Epoch 18/30
2025-06-30 14:47:35,778 - INFO - Train Loss: 0.0193, Val Loss: 0.0177
2025-06-30 14:47:35,778 - INFO - Train Dice: 0.8687, Val Dice: 0.8897
2025-06-30 14:47:35,778 - INFO - Train IoU: 0.7843, Val IoU: 0.8133
2025-06-30 14:47:35,897 - INFO - Checkpoint saved: ./models/checkpoint_segmentation_cvc_clinicdb_epoch_18.pth
2025-06-30 14:47:47,098 - INFO - Epoch 19/30
2025-06-30 14:47:47,098 - INFO - Train Loss: 0.0191, Val Loss: 0.0190
2025-06-30 14:47:47,098 - INFO - Train Dice: 0.8725, Val Dice: 0.8779
2025-06-30 14:47:47,098 - INFO - Train IoU: 0.7894, Val IoU: 0.7963
2025-06-30 14:47:57,784 - INFO - Epoch 20/30
2025-06-30 14:47:57,784 - INFO - Train Loss: 0.0200, Val Loss: 0.0173
2025-06-30 14:47:57,784 - INFO - Train Dice: 0.8700, Val Dice: 0.8921
2025-06-30 14:47:57,784 - INFO - Train IoU: 0.7860, Val IoU: 0.8169
2025-06-30 14:47:57,917 - INFO - Checkpoint saved: ./models/best_segmentation_cvc_clinicdb.pth
2025-06-30 14:47:58,025 - INFO - Checkpoint saved: ./models/checkpoint_segmentation_cvc_clinicdb_epoch_20.pth
2025-06-30 14:48:08,980 - INFO - Epoch 21/30
2025-06-30 14:48:08,980 - INFO - Train Loss: 0.0189, Val Loss: 0.0175
2025-06-30 14:48:08,980 - INFO - Train Dice: 0.8732, Val Dice: 0.8819
2025-06-30 14:48:08,980 - INFO - Train IoU: 0.7903, Val IoU: 0.8018
2025-06-30 14:48:20,114 - INFO - Epoch 22/30
2025-06-30 14:48:20,114 - INFO - Train Loss: 0.0192, Val Loss: 0.0163
2025-06-30 14:48:20,114 - INFO - Train Dice: 0.8764, Val Dice: 0.8890
2025-06-30 14:48:20,114 - INFO - Train IoU: 0.7947, Val IoU: 0.8125
2025-06-30 14:48:20,234 - INFO - Checkpoint saved: ./models/best_segmentation_cvc_clinicdb.pth
2025-06-30 14:48:20,341 - INFO - Checkpoint saved: ./models/checkpoint_segmentation_cvc_clinicdb_epoch_22.pth
2025-06-30 14:48:30,743 - INFO - Epoch 23/30
2025-06-30 14:48:30,743 - INFO - Train Loss: 0.0181, Val Loss: 0.0159
2025-06-30 14:48:30,743 - INFO - Train Dice: 0.8786, Val Dice: 0.8987
2025-06-30 14:48:30,744 - INFO - Train IoU: 0.7978, Val IoU: 0.8265
2025-06-30 14:48:30,873 - INFO - Checkpoint saved: ./models/best_segmentation_cvc_clinicdb.pth
2025-06-30 14:48:41,651 - INFO - Epoch 24/30
2025-06-30 14:48:41,652 - INFO - Train Loss: 0.0175, Val Loss: 0.0156
2025-06-30 14:48:41,652 - INFO - Train Dice: 0.8819, Val Dice: 0.9045
2025-06-30 14:48:41,652 - INFO - Train IoU: 0.8024, Val IoU: 0.8352
2025-06-30 14:48:41,784 - INFO - Checkpoint saved: ./models/best_segmentation_cvc_clinicdb.pth
2025-06-30 14:48:41,892 - INFO - Checkpoint saved: ./models/checkpoint_segmentation_cvc_clinicdb_epoch_24.pth
2025-06-30 14:48:52,252 - INFO - Epoch 25/30
2025-06-30 14:48:52,252 - INFO - Train Loss: 0.0178, Val Loss: 0.0154
2025-06-30 14:48:52,252 - INFO - Train Dice: 0.8807, Val Dice: 0.8994
2025-06-30 14:48:52,252 - INFO - Train IoU: 0.8007, Val IoU: 0.8275
2025-06-30 14:48:52,378 - INFO - Checkpoint saved: ./models/best_segmentation_cvc_clinicdb.pth
2025-06-30 14:49:03,112 - INFO - Epoch 26/30
2025-06-30 14:49:03,113 - INFO - Train Loss: 0.0170, Val Loss: 0.0170
2025-06-30 14:49:03,113 - INFO - Train Dice: 0.8881, Val Dice: 0.8900
2025-06-30 14:49:03,113 - INFO - Train IoU: 0.8113, Val IoU: 0.8135
2025-06-30 14:49:03,228 - INFO - Checkpoint saved: ./models/checkpoint_segmentation_cvc_clinicdb_epoch_26.pth
2025-06-30 14:49:13,391 - INFO - Epoch 27/30
2025-06-30 14:49:13,391 - INFO - Train Loss: 0.0168, Val Loss: 0.0152
2025-06-30 14:49:13,391 - INFO - Train Dice: 0.8897, Val Dice: 0.9071
2025-06-30 14:49:13,391 - INFO - Train IoU: 0.8135, Val IoU: 0.8390
2025-06-30 14:49:13,513 - INFO - Checkpoint saved: ./models/best_segmentation_cvc_clinicdb.pth
2025-06-30 14:49:24,162 - INFO - Epoch 28/30
2025-06-30 14:49:24,162 - INFO - Train Loss: 0.0169, Val Loss: 0.0153
2025-06-30 14:49:24,162 - INFO - Train Dice: 0.8874, Val Dice: 0.9014
2025-06-30 14:49:24,162 - INFO - Train IoU: 0.8103, Val IoU: 0.8303
2025-06-30 14:49:24,271 - INFO - Checkpoint saved: ./models/checkpoint_segmentation_cvc_clinicdb_epoch_28.pth
2025-06-30 14:49:34,781 - INFO - Epoch 29/30
2025-06-30 14:49:34,782 - INFO - Train Loss: 0.0163, Val Loss: 0.0151
2025-06-30 14:49:34,782 - INFO - Train Dice: 0.8924, Val Dice: 0.9028
2025-06-30 14:49:34,782 - INFO - Train IoU: 0.8174, Val IoU: 0.8324
2025-06-30 14:49:34,918 - INFO - Checkpoint saved: ./models/best_segmentation_cvc_clinicdb.pth
2025-06-30 14:49:45,679 - INFO - Epoch 30/30
2025-06-30 14:49:45,679 - INFO - Train Loss: 0.0161, Val Loss: 0.0154
2025-06-30 14:49:45,679 - INFO - Train Dice: 0.8941, Val Dice: 0.9023
2025-06-30 14:49:45,679 - INFO - Train IoU: 0.8199, Val IoU: 0.8319
2025-06-30 14:49:45,791 - INFO - Checkpoint saved: ./models/checkpoint_segmentation_cvc_clinicdb_epoch_30.pth
2025-06-30 14:49:46,445 - INFO - Training history saved to CSV: ./results/segmentation_cvc_clinicdb_training_history.csv
2025-06-30 14:49:46,450 - INFO - Training on segmentation dataset: kvasir_seg
2025-06-30 14:49:46,451 - INFO - Training segmentation task on kvasir_seg dataset
2025-06-30 14:50:12,162 - INFO - Epoch 1/30
2025-06-30 14:50:12,162 - INFO - Train Loss: 0.0524, Val Loss: 0.0403
2025-06-30 14:50:12,162 - INFO - Train Dice: 0.7503, Val Dice: 0.8053
2025-06-30 14:50:12,162 - INFO - Train IoU: 0.6307, Val IoU: 0.6958
2025-06-30 14:50:12,287 - INFO - Checkpoint saved: ./models/best_segmentation_kvasir_seg.pth
2025-06-30 14:50:33,853 - INFO - Epoch 2/30
2025-06-30 14:50:33,853 - INFO - Train Loss: 0.0365, Val Loss: 0.0329
2025-06-30 14:50:33,853 - INFO - Train Dice: 0.8001, Val Dice: 0.8187
2025-06-30 14:50:33,853 - INFO - Train IoU: 0.6905, Val IoU: 0.7125
2025-06-30 14:50:33,980 - INFO - Checkpoint saved: ./models/best_segmentation_kvasir_seg.pth
2025-06-30 14:50:34,089 - INFO - Checkpoint saved: ./models/checkpoint_segmentation_kvasir_seg_epoch_2.pth
2025-06-30 14:50:57,518 - INFO - Epoch 3/30
2025-06-30 14:50:57,518 - INFO - Train Loss: 0.0320, Val Loss: 0.0290
2025-06-30 14:50:57,518 - INFO - Train Dice: 0.8178, Val Dice: 0.8411
2025-06-30 14:50:57,518 - INFO - Train IoU: 0.7122, Val IoU: 0.7419
2025-06-30 14:50:57,638 - INFO - Checkpoint saved: ./models/best_segmentation_kvasir_seg.pth
2025-06-30 14:51:18,718 - INFO - Epoch 4/30
2025-06-30 14:51:18,718 - INFO - Train Loss: 0.0298, Val Loss: 0.0274
2025-06-30 14:51:18,718 - INFO - Train Dice: 0.8295, Val Dice: 0.8515
2025-06-30 14:51:18,718 - INFO - Train IoU: 0.7269, Val IoU: 0.7555
2025-06-30 14:51:18,839 - INFO - Checkpoint saved: ./models/best_segmentation_kvasir_seg.pth
2025-06-30 14:51:18,936 - INFO - Checkpoint saved: ./models/checkpoint_segmentation_kvasir_seg_epoch_4.pth
2025-06-30 14:51:42,342 - INFO - Epoch 5/30
2025-06-30 14:51:42,343 - INFO - Train Loss: 0.0284, Val Loss: 0.0269
2025-06-30 14:51:42,343 - INFO - Train Dice: 0.8357, Val Dice: 0.8494
2025-06-30 14:51:42,343 - INFO - Train IoU: 0.7350, Val IoU: 0.7521
2025-06-30 14:51:42,492 - INFO - Checkpoint saved: ./models/best_segmentation_kvasir_seg.pth
2025-06-30 14:52:04,327 - INFO - Epoch 6/30
2025-06-30 14:52:04,327 - INFO - Train Loss: 0.0284, Val Loss: 0.0258
2025-06-30 14:52:04,327 - INFO - Train Dice: 0.8361, Val Dice: 0.8515
2025-06-30 14:52:04,327 - INFO - Train IoU: 0.7354, Val IoU: 0.7564
2025-06-30 14:52:04,462 - INFO - Checkpoint saved: ./models/best_segmentation_kvasir_seg.pth
2025-06-30 14:52:04,568 - INFO - Checkpoint saved: ./models/checkpoint_segmentation_kvasir_seg_epoch_6.pth
2025-06-30 14:52:25,581 - INFO - Epoch 7/30
2025-06-30 14:52:25,581 - INFO - Train Loss: 0.0274, Val Loss: 0.0238
2025-06-30 14:52:25,581 - INFO - Train Dice: 0.8444, Val Dice: 0.8696
2025-06-30 14:52:25,581 - INFO - Train IoU: 0.7463, Val IoU: 0.7807
2025-06-30 14:52:25,704 - INFO - Checkpoint saved: ./models/best_segmentation_kvasir_seg.pth
2025-06-30 14:52:47,142 - INFO - Epoch 8/30
2025-06-30 14:52:47,142 - INFO - Train Loss: 0.0271, Val Loss: 0.0236
2025-06-30 14:52:47,143 - INFO - Train Dice: 0.8474, Val Dice: 0.8691
2025-06-30 14:52:47,143 - INFO - Train IoU: 0.7504, Val IoU: 0.7803
2025-06-30 14:52:47,269 - INFO - Checkpoint saved: ./models/best_segmentation_kvasir_seg.pth
2025-06-30 14:52:47,387 - INFO - Checkpoint saved: ./models/checkpoint_segmentation_kvasir_seg_epoch_8.pth
2025-06-30 14:53:09,440 - INFO - Epoch 9/30
2025-06-30 14:53:09,440 - INFO - Train Loss: 0.0261, Val Loss: 0.0248
2025-06-30 14:53:09,440 - INFO - Train Dice: 0.8506, Val Dice: 0.8636
2025-06-30 14:53:09,440 - INFO - Train IoU: 0.7547, Val IoU: 0.7717
2025-06-30 14:53:30,730 - INFO - Epoch 10/30
2025-06-30 14:53:30,730 - INFO - Train Loss: 0.0252, Val Loss: 0.0229
2025-06-30 14:53:30,730 - INFO - Train Dice: 0.8589, Val Dice: 0.8725
2025-06-30 14:53:30,730 - INFO - Train IoU: 0.7659, Val IoU: 0.7846
2025-06-30 14:53:30,860 - INFO - Checkpoint saved: ./models/best_segmentation_kvasir_seg.pth
2025-06-30 14:53:30,962 - INFO - Checkpoint saved: ./models/checkpoint_segmentation_kvasir_seg_epoch_10.pth
2025-06-30 14:53:54,005 - INFO - Epoch 11/30
2025-06-30 14:53:54,006 - INFO - Train Loss: 0.0252, Val Loss: 0.0231
2025-06-30 14:53:54,006 - INFO - Train Dice: 0.8588, Val Dice: 0.8750
2025-06-30 14:53:54,006 - INFO - Train IoU: 0.7659, Val IoU: 0.7883
2025-06-30 14:54:15,665 - INFO - Epoch 12/30
2025-06-30 14:54:15,665 - INFO - Train Loss: 0.0244, Val Loss: 0.0223
2025-06-30 14:54:15,665 - INFO - Train Dice: 0.8625, Val Dice: 0.8785
2025-06-30 14:54:15,665 - INFO - Train IoU: 0.7710, Val IoU: 0.7933
2025-06-30 14:54:15,800 - INFO - Checkpoint saved: ./models/best_segmentation_kvasir_seg.pth
2025-06-30 14:54:15,915 - INFO - Checkpoint saved: ./models/checkpoint_segmentation_kvasir_seg_epoch_12.pth
2025-06-30 14:54:37,039 - INFO - Epoch 13/30
2025-06-30 14:54:37,039 - INFO - Train Loss: 0.0237, Val Loss: 0.0217
2025-06-30 14:54:37,039 - INFO - Train Dice: 0.8679, Val Dice: 0.8803
2025-06-30 14:54:37,039 - INFO - Train IoU: 0.7785, Val IoU: 0.7963
2025-06-30 14:54:37,171 - INFO - Checkpoint saved: ./models/best_segmentation_kvasir_seg.pth
2025-06-30 14:54:58,805 - INFO - Epoch 14/30
2025-06-30 14:54:58,806 - INFO - Train Loss: 0.0243, Val Loss: 0.0213
2025-06-30 14:54:58,806 - INFO - Train Dice: 0.8631, Val Dice: 0.8868
2025-06-30 14:54:58,806 - INFO - Train IoU: 0.7720, Val IoU: 0.8057
2025-06-30 14:54:58,935 - INFO - Checkpoint saved: ./models/best_segmentation_kvasir_seg.pth
2025-06-30 14:54:59,049 - INFO - Checkpoint saved: ./models/checkpoint_segmentation_kvasir_seg_epoch_14.pth
2025-06-30 14:55:21,270 - INFO - Epoch 15/30
2025-06-30 14:55:21,270 - INFO - Train Loss: 0.0231, Val Loss: 0.0225
2025-06-30 14:55:21,270 - INFO - Train Dice: 0.8725, Val Dice: 0.8776
2025-06-30 14:55:21,270 - INFO - Train IoU: 0.7851, Val IoU: 0.7919
2025-06-30 14:55:43,100 - INFO - Epoch 16/30
2025-06-30 14:55:43,101 - INFO - Train Loss: 0.0232, Val Loss: 0.0211
2025-06-30 14:55:43,101 - INFO - Train Dice: 0.8724, Val Dice: 0.8846
2025-06-30 14:55:43,101 - INFO - Train IoU: 0.7850, Val IoU: 0.8022
2025-06-30 14:55:43,230 - INFO - Checkpoint saved: ./models/best_segmentation_kvasir_seg.pth
2025-06-30 14:55:43,343 - INFO - Checkpoint saved: ./models/checkpoint_segmentation_kvasir_seg_epoch_16.pth
2025-06-30 14:56:05,652 - INFO - Epoch 17/30
2025-06-30 14:56:05,652 - INFO - Train Loss: 0.0225, Val Loss: 0.0213
2025-06-30 14:56:05,652 - INFO - Train Dice: 0.8762, Val Dice: 0.8820
2025-06-30 14:56:05,652 - INFO - Train IoU: 0.7903, Val IoU: 0.7985
2025-06-30 14:56:27,308 - INFO - Epoch 18/30
2025-06-30 14:56:27,308 - INFO - Train Loss: 0.0221, Val Loss: 0.0209
2025-06-30 14:56:27,308 - INFO - Train Dice: 0.8783, Val Dice: 0.8858
2025-06-30 14:56:27,308 - INFO - Train IoU: 0.7934, Val IoU: 0.8044
2025-06-30 14:56:27,433 - INFO - Checkpoint saved: ./models/best_segmentation_kvasir_seg.pth
2025-06-30 14:56:27,542 - INFO - Checkpoint saved: ./models/checkpoint_segmentation_kvasir_seg_epoch_18.pth
2025-06-30 14:56:50,064 - INFO - Epoch 19/30
2025-06-30 14:56:50,064 - INFO - Train Loss: 0.0220, Val Loss: 0.0201
2025-06-30 14:56:50,064 - INFO - Train Dice: 0.8770, Val Dice: 0.8921
2025-06-30 14:56:50,064 - INFO - Train IoU: 0.7917, Val IoU: 0.8135
2025-06-30 14:56:50,183 - INFO - Checkpoint saved: ./models/best_segmentation_kvasir_seg.pth
2025-06-30 14:57:11,661 - INFO - Epoch 20/30
2025-06-30 14:57:11,661 - INFO - Train Loss: 0.0218, Val Loss: 0.0211
2025-06-30 14:57:11,661 - INFO - Train Dice: 0.8779, Val Dice: 0.8810
2025-06-30 14:57:11,661 - INFO - Train IoU: 0.7928, Val IoU: 0.7971
2025-06-30 14:57:11,773 - INFO - Checkpoint saved: ./models/checkpoint_segmentation_kvasir_seg_epoch_20.pth
2025-06-30 14:57:33,167 - INFO - Epoch 21/30
2025-06-30 14:57:33,167 - INFO - Train Loss: 0.0218, Val Loss: 0.0205
2025-06-30 14:57:33,167 - INFO - Train Dice: 0.8789, Val Dice: 0.8887
2025-06-30 14:57:33,167 - INFO - Train IoU: 0.7943, Val IoU: 0.8084
2025-06-30 14:57:54,020 - INFO - Epoch 22/30
2025-06-30 14:57:54,020 - INFO - Train Loss: 0.0215, Val Loss: 0.0201
2025-06-30 14:57:54,020 - INFO - Train Dice: 0.8797, Val Dice: 0.8926
2025-06-30 14:57:54,020 - INFO - Train IoU: 0.7954, Val IoU: 0.8145
2025-06-30 14:57:54,149 - INFO - Checkpoint saved: ./models/best_segmentation_kvasir_seg.pth
2025-06-30 14:57:54,264 - INFO - Checkpoint saved: ./models/checkpoint_segmentation_kvasir_seg_epoch_22.pth
2025-06-30 14:58:16,822 - INFO - Epoch 23/30
2025-06-30 14:58:16,823 - INFO - Train Loss: 0.0213, Val Loss: 0.0195
2025-06-30 14:58:16,823 - INFO - Train Dice: 0.8796, Val Dice: 0.8940
2025-06-30 14:58:16,823 - INFO - Train IoU: 0.7952, Val IoU: 0.8166
2025-06-30 14:58:16,957 - INFO - Checkpoint saved: ./models/best_segmentation_kvasir_seg.pth
2025-06-30 14:58:38,101 - INFO - Epoch 24/30
2025-06-30 14:58:38,101 - INFO - Train Loss: 0.0216, Val Loss: 0.0199
2025-06-30 14:58:38,101 - INFO - Train Dice: 0.8800, Val Dice: 0.8919
2025-06-30 14:58:38,101 - INFO - Train IoU: 0.7957, Val IoU: 0.8132
2025-06-30 14:58:38,230 - INFO - Checkpoint saved: ./models/checkpoint_segmentation_kvasir_seg_epoch_24.pth
2025-06-30 14:59:00,029 - INFO - Epoch 25/30
2025-06-30 14:59:00,030 - INFO - Train Loss: 0.0207, Val Loss: 0.0193
2025-06-30 14:59:00,030 - INFO - Train Dice: 0.8840, Val Dice: 0.8940
2025-06-30 14:59:00,030 - INFO - Train IoU: 0.8016, Val IoU: 0.8164
2025-06-30 14:59:00,153 - INFO - Checkpoint saved: ./models/best_segmentation_kvasir_seg.pth
2025-06-30 14:59:21,576 - INFO - Epoch 26/30
2025-06-30 14:59:21,576 - INFO - Train Loss: 0.0203, Val Loss: 0.0189
2025-06-30 14:59:21,576 - INFO - Train Dice: 0.8902, Val Dice: 0.8983
2025-06-30 14:59:21,576 - INFO - Train IoU: 0.8109, Val IoU: 0.8228
2025-06-30 14:59:21,700 - INFO - Checkpoint saved: ./models/best_segmentation_kvasir_seg.pth
2025-06-30 14:59:21,818 - INFO - Checkpoint saved: ./models/checkpoint_segmentation_kvasir_seg_epoch_26.pth
2025-06-30 14:59:44,155 - INFO - Epoch 27/30
2025-06-30 14:59:44,156 - INFO - Train Loss: 0.0200, Val Loss: 0.0194
2025-06-30 14:59:44,156 - INFO - Train Dice: 0.8881, Val Dice: 0.8945
2025-06-30 14:59:44,156 - INFO - Train IoU: 0.8077, Val IoU: 0.8169
2025-06-30 15:00:05,842 - INFO - Epoch 28/30
2025-06-30 15:00:05,842 - INFO - Train Loss: 0.0197, Val Loss: 0.0188
2025-06-30 15:00:05,842 - INFO - Train Dice: 0.8904, Val Dice: 0.8978
2025-06-30 15:00:05,842 - INFO - Train IoU: 0.8111, Val IoU: 0.8222
2025-06-30 15:00:05,978 - INFO - Checkpoint saved: ./models/best_segmentation_kvasir_seg.pth
2025-06-30 15:00:06,083 - INFO - Checkpoint saved: ./models/checkpoint_segmentation_kvasir_seg_epoch_28.pth
2025-06-30 15:00:28,035 - INFO - Epoch 29/30
2025-06-30 15:00:28,035 - INFO - Train Loss: 0.0197, Val Loss: 0.0188
2025-06-30 15:00:28,035 - INFO - Train Dice: 0.8912, Val Dice: 0.8977
2025-06-30 15:00:28,035 - INFO - Train IoU: 0.8123, Val IoU: 0.8219
2025-06-30 15:00:49,641 - INFO - Epoch 30/30
2025-06-30 15:00:49,641 - INFO - Train Loss: 0.0195, Val Loss: 0.0187
2025-06-30 15:00:49,641 - INFO - Train Dice: 0.8922, Val Dice: 0.9003
2025-06-30 15:00:49,641 - INFO - Train IoU: 0.8137, Val IoU: 0.8262
2025-06-30 15:00:49,765 - INFO - Checkpoint saved: ./models/best_segmentation_kvasir_seg.pth
2025-06-30 15:00:49,897 - INFO - Checkpoint saved: ./models/checkpoint_segmentation_kvasir_seg_epoch_30.pth
2025-06-30 15:00:50,400 - INFO - Training history saved to CSV: ./results/segmentation_kvasir_seg_training_history.csv
2025-06-30 15:00:50,411 - INFO - Training on segmentation dataset: medseg_covid
2025-06-30 15:00:50,411 - INFO - Training segmentation task on medseg_covid dataset
2025-06-30 15:00:51,864 - INFO - Epoch 1/30
2025-06-30 15:00:51,864 - INFO - Train Loss: 0.0818, Val Loss: 0.0915
2025-06-30 15:00:51,864 - INFO - Train Dice: 0.4069, Val Dice: 0.5035
2025-06-30 15:00:51,864 - INFO - Train IoU: 0.3244, Val IoU: 0.4667
2025-06-30 15:00:51,974 - INFO - Checkpoint saved: ./models/best_segmentation_medseg_covid.pth
2025-06-30 15:00:53,076 - INFO - Epoch 2/30
2025-06-30 15:00:53,076 - INFO - Train Loss: 0.0748, Val Loss: 0.0882
2025-06-30 15:00:53,076 - INFO - Train Dice: 0.4950, Val Dice: 0.5055
2025-06-30 15:00:53,076 - INFO - Train IoU: 0.4490, Val IoU: 0.4716
2025-06-30 15:00:53,193 - INFO - Checkpoint saved: ./models/best_segmentation_medseg_covid.pth
2025-06-30 15:00:53,295 - INFO - Checkpoint saved: ./models/checkpoint_segmentation_medseg_covid_epoch_2.pth
2025-06-30 15:00:54,554 - INFO - Epoch 3/30
2025-06-30 15:00:54,554 - INFO - Train Loss: 0.0687, Val Loss: 0.0812
2025-06-30 15:00:54,554 - INFO - Train Dice: 0.5327, Val Dice: 0.5097
2025-06-30 15:00:54,554 - INFO - Train IoU: 0.5009, Val IoU: 0.4908
2025-06-30 15:00:54,670 - INFO - Checkpoint saved: ./models/best_segmentation_medseg_covid.pth
2025-06-30 15:00:55,871 - INFO - Epoch 4/30
2025-06-30 15:00:55,871 - INFO - Train Loss: 0.0637, Val Loss: 0.0765
2025-06-30 15:00:55,871 - INFO - Train Dice: 0.5094, Val Dice: 0.5148
2025-06-30 15:00:55,871 - INFO - Train IoU: 0.4952, Val IoU: 0.4956
2025-06-30 15:00:55,988 - INFO - Checkpoint saved: ./models/best_segmentation_medseg_covid.pth
2025-06-30 15:00:56,095 - INFO - Checkpoint saved: ./models/checkpoint_segmentation_medseg_covid_epoch_4.pth
2025-06-30 15:00:57,225 - INFO - Epoch 5/30
2025-06-30 15:00:57,226 - INFO - Train Loss: 0.0595, Val Loss: 0.0732
2025-06-30 15:00:57,226 - INFO - Train Dice: 0.5020, Val Dice: 0.4978
2025-06-30 15:00:57,226 - INFO - Train IoU: 0.4935, Val IoU: 0.4885
2025-06-30 15:00:57,341 - INFO - Checkpoint saved: ./models/best_segmentation_medseg_covid.pth
2025-06-30 15:00:58,521 - INFO - Epoch 6/30
2025-06-30 15:00:58,521 - INFO - Train Loss: 0.0561, Val Loss: 0.0700
2025-06-30 15:00:58,522 - INFO - Train Dice: 0.4992, Val Dice: 0.4971
2025-06-30 15:00:58,522 - INFO - Train IoU: 0.4925, Val IoU: 0.4884
2025-06-30 15:00:58,634 - INFO - Checkpoint saved: ./models/best_segmentation_medseg_covid.pth
2025-06-30 15:00:58,738 - INFO - Checkpoint saved: ./models/checkpoint_segmentation_medseg_covid_epoch_6.pth
2025-06-30 15:00:59,891 - INFO - Epoch 7/30
2025-06-30 15:00:59,891 - INFO - Train Loss: 0.0530, Val Loss: 0.0651
2025-06-30 15:00:59,891 - INFO - Train Dice: 0.4959, Val Dice: 0.5041
2025-06-30 15:00:59,891 - INFO - Train IoU: 0.4910, Val IoU: 0.4919
2025-06-30 15:01:00,003 - INFO - Checkpoint saved: ./models/best_segmentation_medseg_covid.pth
2025-06-30 15:01:01,122 - INFO - Epoch 8/30
2025-06-30 15:01:01,122 - INFO - Train Loss: 0.0506, Val Loss: 0.0611
2025-06-30 15:01:01,122 - INFO - Train Dice: 0.4953, Val Dice: 0.5081
2025-06-30 15:01:01,122 - INFO - Train IoU: 0.4907, Val IoU: 0.4943
2025-06-30 15:01:01,238 - INFO - Checkpoint saved: ./models/best_segmentation_medseg_covid.pth
2025-06-30 15:01:01,342 - INFO - Checkpoint saved: ./models/checkpoint_segmentation_medseg_covid_epoch_8.pth
2025-06-30 15:01:02,453 - INFO - Epoch 9/30
2025-06-30 15:01:02,453 - INFO - Train Loss: 0.0485, Val Loss: 0.0600
2025-06-30 15:01:02,453 - INFO - Train Dice: 0.5375, Val Dice: 0.6330
2025-06-30 15:01:02,453 - INFO - Train IoU: 0.5125, Val IoU: 0.5676
2025-06-30 15:01:02,566 - INFO - Checkpoint saved: ./models/best_segmentation_medseg_covid.pth
2025-06-30 15:01:03,588 - INFO - Epoch 10/30
2025-06-30 15:01:03,588 - INFO - Train Loss: 0.0464, Val Loss: 0.0557
2025-06-30 15:01:03,588 - INFO - Train Dice: 0.6022, Val Dice: 0.5778
2025-06-30 15:01:03,588 - INFO - Train IoU: 0.5507, Val IoU: 0.5333
2025-06-30 15:01:03,700 - INFO - Checkpoint saved: ./models/best_segmentation_medseg_covid.pth
2025-06-30 15:01:03,807 - INFO - Checkpoint saved: ./models/checkpoint_segmentation_medseg_covid_epoch_10.pth
2025-06-30 15:01:04,905 - INFO - Epoch 11/30
2025-06-30 15:01:04,906 - INFO - Train Loss: 0.0449, Val Loss: 0.0541
2025-06-30 15:01:04,906 - INFO - Train Dice: 0.5492, Val Dice: 0.7180
2025-06-30 15:01:04,906 - INFO - Train IoU: 0.5191, Val IoU: 0.6316
2025-06-30 15:01:05,022 - INFO - Checkpoint saved: ./models/best_segmentation_medseg_covid.pth
2025-06-30 15:01:06,154 - INFO - Epoch 12/30
2025-06-30 15:01:06,154 - INFO - Train Loss: 0.0436, Val Loss: 0.0530
2025-06-30 15:01:06,154 - INFO - Train Dice: 0.6035, Val Dice: 0.7240
2025-06-30 15:01:06,154 - INFO - Train IoU: 0.5509, Val IoU: 0.6352
2025-06-30 15:01:06,267 - INFO - Checkpoint saved: ./models/best_segmentation_medseg_covid.pth
2025-06-30 15:01:06,370 - INFO - Checkpoint saved: ./models/checkpoint_segmentation_medseg_covid_epoch_12.pth
2025-06-30 15:01:07,524 - INFO - Epoch 13/30
2025-06-30 15:01:07,524 - INFO - Train Loss: 0.0422, Val Loss: 0.0507
2025-06-30 15:01:07,524 - INFO - Train Dice: 0.6661, Val Dice: 0.7034
2025-06-30 15:01:07,524 - INFO - Train IoU: 0.5938, Val IoU: 0.6206
2025-06-30 15:01:07,636 - INFO - Checkpoint saved: ./models/best_segmentation_medseg_covid.pth
2025-06-30 15:01:08,824 - INFO - Epoch 14/30
2025-06-30 15:01:08,824 - INFO - Train Loss: 0.0412, Val Loss: 0.0490
2025-06-30 15:01:08,824 - INFO - Train Dice: 0.5979, Val Dice: 0.6997
2025-06-30 15:01:08,824 - INFO - Train IoU: 0.5472, Val IoU: 0.6162
2025-06-30 15:01:08,935 - INFO - Checkpoint saved: ./models/best_segmentation_medseg_covid.pth
2025-06-30 15:01:09,042 - INFO - Checkpoint saved: ./models/checkpoint_segmentation_medseg_covid_epoch_14.pth
2025-06-30 15:01:10,057 - INFO - Epoch 15/30
2025-06-30 15:01:10,057 - INFO - Train Loss: 0.0403, Val Loss: 0.0480
2025-06-30 15:01:10,057 - INFO - Train Dice: 0.6245, Val Dice: 0.7606
2025-06-30 15:01:10,057 - INFO - Train IoU: 0.5649, Val IoU: 0.6688
2025-06-30 15:01:10,173 - INFO - Checkpoint saved: ./models/best_segmentation_medseg_covid.pth
2025-06-30 15:01:11,292 - INFO - Epoch 16/30
2025-06-30 15:01:11,293 - INFO - Train Loss: 0.0392, Val Loss: 0.0461
2025-06-30 15:01:11,293 - INFO - Train Dice: 0.6541, Val Dice: 0.7424
2025-06-30 15:01:11,293 - INFO - Train IoU: 0.5842, Val IoU: 0.6540
2025-06-30 15:01:11,404 - INFO - Checkpoint saved: ./models/best_segmentation_medseg_covid.pth
2025-06-30 15:01:11,503 - INFO - Checkpoint saved: ./models/checkpoint_segmentation_medseg_covid_epoch_16.pth
2025-06-30 15:01:12,562 - INFO - Epoch 17/30
2025-06-30 15:01:12,562 - INFO - Train Loss: 0.0386, Val Loss: 0.0456
2025-06-30 15:01:12,562 - INFO - Train Dice: 0.6512, Val Dice: 0.7470
2025-06-30 15:01:12,563 - INFO - Train IoU: 0.5821, Val IoU: 0.6561
2025-06-30 15:01:12,681 - INFO - Checkpoint saved: ./models/best_segmentation_medseg_covid.pth
2025-06-30 15:01:13,865 - INFO - Epoch 18/30
2025-06-30 15:01:13,865 - INFO - Train Loss: 0.0380, Val Loss: 0.0460
2025-06-30 15:01:13,865 - INFO - Train Dice: 0.6631, Val Dice: 0.7301
2025-06-30 15:01:13,865 - INFO - Train IoU: 0.5912, Val IoU: 0.6379
2025-06-30 15:01:13,968 - INFO - Checkpoint saved: ./models/checkpoint_segmentation_medseg_covid_epoch_18.pth
2025-06-30 15:01:15,074 - INFO - Epoch 19/30
2025-06-30 15:01:15,074 - INFO - Train Loss: 0.0371, Val Loss: 0.0438
2025-06-30 15:01:15,074 - INFO - Train Dice: 0.6881, Val Dice: 0.7349
2025-06-30 15:01:15,074 - INFO - Train IoU: 0.6094, Val IoU: 0.6461
2025-06-30 15:01:15,191 - INFO - Checkpoint saved: ./models/best_segmentation_medseg_covid.pth
2025-06-30 15:01:16,210 - INFO - Epoch 20/30
2025-06-30 15:01:16,211 - INFO - Train Loss: 0.0365, Val Loss: 0.0442
2025-06-30 15:01:16,211 - INFO - Train Dice: 0.6751, Val Dice: 0.7615
2025-06-30 15:01:16,211 - INFO - Train IoU: 0.5998, Val IoU: 0.6693
2025-06-30 15:01:16,315 - INFO - Checkpoint saved: ./models/checkpoint_segmentation_medseg_covid_epoch_20.pth
2025-06-30 15:01:17,413 - INFO - Epoch 21/30
2025-06-30 15:01:17,413 - INFO - Train Loss: 0.0357, Val Loss: 0.0422
2025-06-30 15:01:17,413 - INFO - Train Dice: 0.7208, Val Dice: 0.7681
2025-06-30 15:01:17,413 - INFO - Train IoU: 0.6361, Val IoU: 0.6761
2025-06-30 15:01:17,537 - INFO - Checkpoint saved: ./models/best_segmentation_medseg_covid.pth
2025-06-30 15:01:18,685 - INFO - Epoch 22/30
2025-06-30 15:01:18,685 - INFO - Train Loss: 0.0353, Val Loss: 0.0424
2025-06-30 15:01:18,685 - INFO - Train Dice: 0.7144, Val Dice: 0.7305
2025-06-30 15:01:18,685 - INFO - Train IoU: 0.6308, Val IoU: 0.6428
2025-06-30 15:01:18,791 - INFO - Checkpoint saved: ./models/checkpoint_segmentation_medseg_covid_epoch_22.pth
2025-06-30 15:01:19,885 - INFO - Epoch 23/30
2025-06-30 15:01:19,885 - INFO - Train Loss: 0.0347, Val Loss: 0.0418
2025-06-30 15:01:19,885 - INFO - Train Dice: 0.7112, Val Dice: 0.7577
2025-06-30 15:01:19,885 - INFO - Train IoU: 0.6280, Val IoU: 0.6663
2025-06-30 15:01:19,994 - INFO - Checkpoint saved: ./models/best_segmentation_medseg_covid.pth
2025-06-30 15:01:21,206 - INFO - Epoch 24/30
2025-06-30 15:01:21,206 - INFO - Train Loss: 0.0341, Val Loss: 0.0406
2025-06-30 15:01:21,206 - INFO - Train Dice: 0.7390, Val Dice: 0.7523
2025-06-30 15:01:21,206 - INFO - Train IoU: 0.6517, Val IoU: 0.6620
2025-06-30 15:01:21,317 - INFO - Checkpoint saved: ./models/best_segmentation_medseg_covid.pth
2025-06-30 15:01:21,416 - INFO - Checkpoint saved: ./models/checkpoint_segmentation_medseg_covid_epoch_24.pth
2025-06-30 15:01:22,526 - INFO - Epoch 25/30
2025-06-30 15:01:22,526 - INFO - Train Loss: 0.0338, Val Loss: 0.0405
2025-06-30 15:01:22,526 - INFO - Train Dice: 0.7271, Val Dice: 0.7438
2025-06-30 15:01:22,526 - INFO - Train IoU: 0.6416, Val IoU: 0.6548
2025-06-30 15:01:22,637 - INFO - Checkpoint saved: ./models/best_segmentation_medseg_covid.pth
2025-06-30 15:01:23,818 - INFO - Epoch 26/30
2025-06-30 15:01:23,819 - INFO - Train Loss: 0.0336, Val Loss: 0.0398
2025-06-30 15:01:23,819 - INFO - Train Dice: 0.7065, Val Dice: 0.7839
2025-06-30 15:01:23,819 - INFO - Train IoU: 0.6244, Val IoU: 0.6922
2025-06-30 15:01:23,931 - INFO - Checkpoint saved: ./models/best_segmentation_medseg_covid.pth
2025-06-30 15:01:24,137 - INFO - Checkpoint saved: ./models/checkpoint_segmentation_medseg_covid_epoch_26.pth
2025-06-30 15:01:25,199 - INFO - Epoch 27/30
2025-06-30 15:01:25,199 - INFO - Train Loss: 0.0330, Val Loss: 0.0395
2025-06-30 15:01:25,199 - INFO - Train Dice: 0.7386, Val Dice: 0.7777
2025-06-30 15:01:25,199 - INFO - Train IoU: 0.6515, Val IoU: 0.6850
2025-06-30 15:01:25,328 - INFO - Checkpoint saved: ./models/best_segmentation_medseg_covid.pth
2025-06-30 15:01:26,303 - INFO - Epoch 28/30
2025-06-30 15:01:26,303 - INFO - Train Loss: 0.0330, Val Loss: 0.0385
2025-06-30 15:01:26,303 - INFO - Train Dice: 0.7179, Val Dice: 0.7786
2025-06-30 15:01:26,303 - INFO - Train IoU: 0.6333, Val IoU: 0.6878
2025-06-30 15:01:26,415 - INFO - Checkpoint saved: ./models/best_segmentation_medseg_covid.pth
2025-06-30 15:01:26,517 - INFO - Checkpoint saved: ./models/checkpoint_segmentation_medseg_covid_epoch_28.pth
2025-06-30 15:01:27,641 - INFO - Epoch 29/30
2025-06-30 15:01:27,642 - INFO - Train Loss: 0.0334, Val Loss: 0.0384
2025-06-30 15:01:27,642 - INFO - Train Dice: 0.6696, Val Dice: 0.7685
2025-06-30 15:01:27,642 - INFO - Train IoU: 0.5954, Val IoU: 0.6762
2025-06-30 15:01:27,813 - INFO - Checkpoint saved: ./models/best_segmentation_medseg_covid.pth
2025-06-30 15:01:29,011 - INFO - Epoch 30/30
2025-06-30 15:01:29,011 - INFO - Train Loss: 0.0325, Val Loss: 0.0378
2025-06-30 15:01:29,011 - INFO - Train Dice: 0.7255, Val Dice: 0.7753
2025-06-30 15:01:29,011 - INFO - Train IoU: 0.6398, Val IoU: 0.6830
2025-06-30 15:01:29,125 - INFO - Checkpoint saved: ./models/best_segmentation_medseg_covid.pth
2025-06-30 15:01:29,230 - INFO - Checkpoint saved: ./models/checkpoint_segmentation_medseg_covid_epoch_30.pth
2025-06-30 15:01:29,744 - INFO - Training history saved to CSV: ./results/segmentation_medseg_covid_training_history.csv
2025-06-30 15:01:29,747 - INFO - Training on segmentation dataset: medseg_liver
2025-06-30 15:01:29,747 - INFO - Training segmentation task on medseg_liver dataset
2025-06-30 15:01:31,188 - INFO - Epoch 1/30
2025-06-30 15:01:31,189 - INFO - Train Loss: 0.0635, Val Loss: 0.0582
2025-06-30 15:01:31,189 - INFO - Train Dice: 0.6409, Val Dice: 0.4935
2025-06-30 15:01:31,189 - INFO - Train IoU: 0.5604, Val IoU: 0.4814
2025-06-30 15:01:31,294 - INFO - Checkpoint saved: ./models/best_segmentation_medseg_liver.pth
2025-06-30 15:01:32,585 - INFO - Epoch 2/30
2025-06-30 15:01:32,585 - INFO - Train Loss: 0.0563, Val Loss: 0.0513
2025-06-30 15:01:32,585 - INFO - Train Dice: 0.7297, Val Dice: 0.8663
2025-06-30 15:01:32,585 - INFO - Train IoU: 0.6318, Val IoU: 0.7840
2025-06-30 15:01:32,694 - INFO - Checkpoint saved: ./models/best_segmentation_medseg_liver.pth
2025-06-30 15:01:32,795 - INFO - Checkpoint saved: ./models/checkpoint_segmentation_medseg_liver_epoch_2.pth
2025-06-30 15:01:34,067 - INFO - Epoch 3/30
2025-06-30 15:01:34,067 - INFO - Train Loss: 0.0506, Val Loss: 0.0448
2025-06-30 15:01:34,067 - INFO - Train Dice: 0.7694, Val Dice: 0.8436
2025-06-30 15:01:34,067 - INFO - Train IoU: 0.6716, Val IoU: 0.7547
2025-06-30 15:01:34,292 - INFO - Checkpoint saved: ./models/best_segmentation_medseg_liver.pth
2025-06-30 15:01:35,488 - INFO - Epoch 4/30
2025-06-30 15:01:35,489 - INFO - Train Loss: 0.0457, Val Loss: 0.0422
2025-06-30 15:01:35,489 - INFO - Train Dice: 0.8167, Val Dice: 0.8903
2025-06-30 15:01:35,489 - INFO - Train IoU: 0.7239, Val IoU: 0.8168
2025-06-30 15:01:35,607 - INFO - Checkpoint saved: ./models/best_segmentation_medseg_liver.pth
2025-06-30 15:01:35,706 - INFO - Checkpoint saved: ./models/checkpoint_segmentation_medseg_liver_epoch_4.pth
2025-06-30 15:01:36,885 - INFO - Epoch 5/30
2025-06-30 15:01:36,885 - INFO - Train Loss: 0.0414, Val Loss: 0.0396
2025-06-30 15:01:36,885 - INFO - Train Dice: 0.8761, Val Dice: 0.8857
2025-06-30 15:01:36,885 - INFO - Train IoU: 0.7976, Val IoU: 0.8102
2025-06-30 15:01:37,096 - INFO - Checkpoint saved: ./models/best_segmentation_medseg_liver.pth
2025-06-30 15:01:38,320 - INFO - Epoch 6/30
2025-06-30 15:01:38,320 - INFO - Train Loss: 0.0389, Val Loss: 0.0377
2025-06-30 15:01:38,320 - INFO - Train Dice: 0.8846, Val Dice: 0.9319
2025-06-30 15:01:38,320 - INFO - Train IoU: 0.8092, Val IoU: 0.8789
2025-06-30 15:01:38,439 - INFO - Checkpoint saved: ./models/best_segmentation_medseg_liver.pth
2025-06-30 15:01:38,541 - INFO - Checkpoint saved: ./models/checkpoint_segmentation_medseg_liver_epoch_6.pth
2025-06-30 15:01:39,763 - INFO - Epoch 7/30
2025-06-30 15:01:39,763 - INFO - Train Loss: 0.0367, Val Loss: 0.0347
2025-06-30 15:01:39,763 - INFO - Train Dice: 0.8937, Val Dice: 0.9162
2025-06-30 15:01:39,764 - INFO - Train IoU: 0.8219, Val IoU: 0.8545
2025-06-30 15:01:39,877 - INFO - Checkpoint saved: ./models/best_segmentation_medseg_liver.pth
2025-06-30 15:01:41,085 - INFO - Epoch 8/30
2025-06-30 15:01:41,085 - INFO - Train Loss: 0.0357, Val Loss: 0.0332
2025-06-30 15:01:41,085 - INFO - Train Dice: 0.8754, Val Dice: 0.9092
2025-06-30 15:01:41,085 - INFO - Train IoU: 0.7970, Val IoU: 0.8441
2025-06-30 15:01:41,197 - INFO - Checkpoint saved: ./models/best_segmentation_medseg_liver.pth
2025-06-30 15:01:41,298 - INFO - Checkpoint saved: ./models/checkpoint_segmentation_medseg_liver_epoch_8.pth
2025-06-30 15:01:42,475 - INFO - Epoch 9/30
2025-06-30 15:01:42,475 - INFO - Train Loss: 0.0334, Val Loss: 0.0314
2025-06-30 15:01:42,475 - INFO - Train Dice: 0.8908, Val Dice: 0.9369
2025-06-30 15:01:42,475 - INFO - Train IoU: 0.8179, Val IoU: 0.8867
2025-06-30 15:01:42,590 - INFO - Checkpoint saved: ./models/best_segmentation_medseg_liver.pth
2025-06-30 15:01:43,843 - INFO - Epoch 10/30
2025-06-30 15:01:43,843 - INFO - Train Loss: 0.0315, Val Loss: 0.0309
2025-06-30 15:01:43,843 - INFO - Train Dice: 0.9050, Val Dice: 0.9323
2025-06-30 15:01:43,843 - INFO - Train IoU: 0.8381, Val IoU: 0.8795
2025-06-30 15:01:44,061 - INFO - Checkpoint saved: ./models/best_segmentation_medseg_liver.pth
2025-06-30 15:01:44,173 - INFO - Checkpoint saved: ./models/checkpoint_segmentation_medseg_liver_epoch_10.pth
2025-06-30 15:01:45,458 - INFO - Epoch 11/30
2025-06-30 15:01:45,458 - INFO - Train Loss: 0.0296, Val Loss: 0.0293
2025-06-30 15:01:45,458 - INFO - Train Dice: 0.9145, Val Dice: 0.9214
2025-06-30 15:01:45,458 - INFO - Train IoU: 0.8522, Val IoU: 0.8625
2025-06-30 15:01:45,587 - INFO - Checkpoint saved: ./models/best_segmentation_medseg_liver.pth
2025-06-30 15:01:46,816 - INFO - Epoch 12/30
2025-06-30 15:01:46,816 - INFO - Train Loss: 0.0284, Val Loss: 0.0280
2025-06-30 15:01:46,816 - INFO - Train Dice: 0.9142, Val Dice: 0.9443
2025-06-30 15:01:46,816 - INFO - Train IoU: 0.8516, Val IoU: 0.8989
2025-06-30 15:01:46,950 - INFO - Checkpoint saved: ./models/best_segmentation_medseg_liver.pth
2025-06-30 15:01:47,054 - INFO - Checkpoint saved: ./models/checkpoint_segmentation_medseg_liver_epoch_12.pth
2025-06-30 15:01:48,326 - INFO - Epoch 13/30
2025-06-30 15:01:48,326 - INFO - Train Loss: 0.0279, Val Loss: 0.0274
2025-06-30 15:01:48,326 - INFO - Train Dice: 0.9089, Val Dice: 0.9205
2025-06-30 15:01:48,326 - INFO - Train IoU: 0.8438, Val IoU: 0.8611
2025-06-30 15:01:48,444 - INFO - Checkpoint saved: ./models/best_segmentation_medseg_liver.pth
2025-06-30 15:01:49,655 - INFO - Epoch 14/30
2025-06-30 15:01:49,656 - INFO - Train Loss: 0.0268, Val Loss: 0.0270
2025-06-30 15:01:49,656 - INFO - Train Dice: 0.9057, Val Dice: 0.9301
2025-06-30 15:01:49,656 - INFO - Train IoU: 0.8392, Val IoU: 0.8759
2025-06-30 15:01:49,830 - INFO - Checkpoint saved: ./models/best_segmentation_medseg_liver.pth
2025-06-30 15:01:50,005 - INFO - Checkpoint saved: ./models/checkpoint_segmentation_medseg_liver_epoch_14.pth
2025-06-30 15:01:51,293 - INFO - Epoch 15/30
2025-06-30 15:01:51,293 - INFO - Train Loss: 0.0254, Val Loss: 0.0252
2025-06-30 15:01:51,293 - INFO - Train Dice: 0.9156, Val Dice: 0.9363
2025-06-30 15:01:51,293 - INFO - Train IoU: 0.8538, Val IoU: 0.8859
2025-06-30 15:01:51,408 - INFO - Checkpoint saved: ./models/best_segmentation_medseg_liver.pth
2025-06-30 15:01:52,689 - INFO - Epoch 16/30
2025-06-30 15:01:52,689 - INFO - Train Loss: 0.0245, Val Loss: 0.0249
2025-06-30 15:01:52,689 - INFO - Train Dice: 0.9193, Val Dice: 0.9407
2025-06-30 15:01:52,689 - INFO - Train IoU: 0.8594, Val IoU: 0.8929
2025-06-30 15:01:52,807 - INFO - Checkpoint saved: ./models/best_segmentation_medseg_liver.pth
2025-06-30 15:01:52,909 - INFO - Checkpoint saved: ./models/checkpoint_segmentation_medseg_liver_epoch_16.pth
2025-06-30 15:01:54,305 - INFO - Epoch 17/30
2025-06-30 15:01:54,305 - INFO - Train Loss: 0.0241, Val Loss: 0.0235
2025-06-30 15:01:54,305 - INFO - Train Dice: 0.9109, Val Dice: 0.9301
2025-06-30 15:01:54,305 - INFO - Train IoU: 0.8468, Val IoU: 0.8760
2025-06-30 15:01:54,420 - INFO - Checkpoint saved: ./models/best_segmentation_medseg_liver.pth
2025-06-30 15:01:55,572 - INFO - Epoch 18/30
2025-06-30 15:01:55,572 - INFO - Train Loss: 0.0229, Val Loss: 0.0229
2025-06-30 15:01:55,572 - INFO - Train Dice: 0.9181, Val Dice: 0.9506
2025-06-30 15:01:55,572 - INFO - Train IoU: 0.8575, Val IoU: 0.9094
2025-06-30 15:01:55,707 - INFO - Checkpoint saved: ./models/best_segmentation_medseg_liver.pth
2025-06-30 15:01:55,966 - INFO - Checkpoint saved: ./models/checkpoint_segmentation_medseg_liver_epoch_18.pth
2025-06-30 15:01:57,292 - INFO - Epoch 19/30
2025-06-30 15:01:57,292 - INFO - Train Loss: 0.0224, Val Loss: 0.0222
2025-06-30 15:01:57,292 - INFO - Train Dice: 0.9205, Val Dice: 0.9482
2025-06-30 15:01:57,292 - INFO - Train IoU: 0.8612, Val IoU: 0.9054
2025-06-30 15:01:57,404 - INFO - Checkpoint saved: ./models/best_segmentation_medseg_liver.pth
2025-06-30 15:01:58,661 - INFO - Epoch 20/30
2025-06-30 15:01:58,661 - INFO - Train Loss: 0.0215, Val Loss: 0.0219
2025-06-30 15:01:58,661 - INFO - Train Dice: 0.9270, Val Dice: 0.9388
2025-06-30 15:01:58,661 - INFO - Train IoU: 0.8712, Val IoU: 0.8898
2025-06-30 15:01:58,789 - INFO - Checkpoint saved: ./models/best_segmentation_medseg_liver.pth
2025-06-30 15:01:58,893 - INFO - Checkpoint saved: ./models/checkpoint_segmentation_medseg_liver_epoch_20.pth
2025-06-30 15:02:00,190 - INFO - Epoch 21/30
2025-06-30 15:02:00,190 - INFO - Train Loss: 0.0215, Val Loss: 0.0220
2025-06-30 15:02:00,190 - INFO - Train Dice: 0.9236, Val Dice: 0.9400
2025-06-30 15:02:00,190 - INFO - Train IoU: 0.8659, Val IoU: 0.8918
2025-06-30 15:02:01,455 - INFO - Epoch 22/30
2025-06-30 15:02:01,455 - INFO - Train Loss: 0.0207, Val Loss: 0.0212
2025-06-30 15:02:01,455 - INFO - Train Dice: 0.9263, Val Dice: 0.9480
2025-06-30 15:02:01,455 - INFO - Train IoU: 0.8701, Val IoU: 0.9050
2025-06-30 15:02:01,576 - INFO - Checkpoint saved: ./models/best_segmentation_medseg_liver.pth
2025-06-30 15:02:01,676 - INFO - Checkpoint saved: ./models/checkpoint_segmentation_medseg_liver_epoch_22.pth
2025-06-30 15:02:02,986 - INFO - Epoch 23/30
2025-06-30 15:02:02,986 - INFO - Train Loss: 0.0202, Val Loss: 0.0199
2025-06-30 15:02:02,986 - INFO - Train Dice: 0.9301, Val Dice: 0.9513
2025-06-30 15:02:02,986 - INFO - Train IoU: 0.8761, Val IoU: 0.9106
2025-06-30 15:02:03,111 - INFO - Checkpoint saved: ./models/best_segmentation_medseg_liver.pth
2025-06-30 15:02:04,394 - INFO - Epoch 24/30
2025-06-30 15:02:04,394 - INFO - Train Loss: 0.0196, Val Loss: 0.0204
2025-06-30 15:02:04,394 - INFO - Train Dice: 0.9357, Val Dice: 0.9350
2025-06-30 15:02:04,394 - INFO - Train IoU: 0.8850, Val IoU: 0.8837
2025-06-30 15:02:04,494 - INFO - Checkpoint saved: ./models/checkpoint_segmentation_medseg_liver_epoch_24.pth
2025-06-30 15:02:05,733 - INFO - Epoch 25/30
2025-06-30 15:02:05,734 - INFO - Train Loss: 0.0196, Val Loss: 0.0189
2025-06-30 15:02:05,734 - INFO - Train Dice: 0.9287, Val Dice: 0.9527
2025-06-30 15:02:05,734 - INFO - Train IoU: 0.8739, Val IoU: 0.9129
2025-06-30 15:02:05,844 - INFO - Checkpoint saved: ./models/best_segmentation_medseg_liver.pth
2025-06-30 15:02:07,057 - INFO - Epoch 26/30
2025-06-30 15:02:07,057 - INFO - Train Loss: 0.0187, Val Loss: 0.0196
2025-06-30 15:02:07,057 - INFO - Train Dice: 0.9355, Val Dice: 0.9442
2025-06-30 15:02:07,057 - INFO - Train IoU: 0.8846, Val IoU: 0.8987
2025-06-30 15:02:07,159 - INFO - Checkpoint saved: ./models/checkpoint_segmentation_medseg_liver_epoch_26.pth
2025-06-30 15:02:08,308 - INFO - Epoch 27/30
2025-06-30 15:02:08,308 - INFO - Train Loss: 0.0190, Val Loss: 0.0188
2025-06-30 15:02:08,308 - INFO - Train Dice: 0.9282, Val Dice: 0.9495
2025-06-30 15:02:08,308 - INFO - Train IoU: 0.8731, Val IoU: 0.9076
2025-06-30 15:02:08,431 - INFO - Checkpoint saved: ./models/best_segmentation_medseg_liver.pth
2025-06-30 15:02:09,658 - INFO - Epoch 28/30
2025-06-30 15:02:09,659 - INFO - Train Loss: 0.0189, Val Loss: 0.0196
2025-06-30 15:02:09,659 - INFO - Train Dice: 0.9270, Val Dice: 0.9456
2025-06-30 15:02:09,659 - INFO - Train IoU: 0.8713, Val IoU: 0.9011
2025-06-30 15:02:09,777 - INFO - Checkpoint saved: ./models/checkpoint_segmentation_medseg_liver_epoch_28.pth
2025-06-30 15:02:11,015 - INFO - Epoch 29/30
2025-06-30 15:02:11,015 - INFO - Train Loss: 0.0181, Val Loss: 0.0193
2025-06-30 15:02:11,015 - INFO - Train Dice: 0.9368, Val Dice: 0.9424
2025-06-30 15:02:11,015 - INFO - Train IoU: 0.8867, Val IoU: 0.8958
2025-06-30 15:02:12,287 - INFO - Epoch 30/30
2025-06-30 15:02:12,287 - INFO - Train Loss: 0.0180, Val Loss: 0.0189
2025-06-30 15:02:12,287 - INFO - Train Dice: 0.9369, Val Dice: 0.9503
2025-06-30 15:02:12,287 - INFO - Train IoU: 0.8870, Val IoU: 0.9089
2025-06-30 15:02:12,288 - INFO - Early stopping triggered at epoch 30
2025-06-30 15:02:12,870 - INFO - Training history saved to CSV: ./results/segmentation_medseg_liver_training_history.csv
2025-06-30 15:02:12,990 - INFO - Final model saved: ./models/foundation_model_final.pth
2025-06-30 15:02:15,127 - INFO - All training histories saved to CSV: ./results/all_training_histories.csv
2025-06-30 15:02:15,128 - INFO - Final metrics summary saved to CSV: ./results/final_metrics_summary.csv
2025-06-30 15:02:15,128 - INFO - Final summary created!
2025-06-30 15:02:15,128 - INFO - Sequential training completed!
